#
# A fatal error has been detected by the Java Runtime Environment:
#
#  EXCEPTION_ACCESS_VIOLATION (0xc0000005) at pc=0x0000000062252357, pid=4004, tid=6432
#
# JRE version: Java(TM) SE Runtime Environment (8.0_05-b13) (build 1.8.0_05-b13)
# Java VM: Java HotSpot(TM) 64-Bit Server VM (25.5-b02 mixed mode windows-amd64 compressed oops)
# Problematic frame:
# V  [jvm.dll+0x1f2357]
#
# Failed to write core dump. Minidumps are not enabled by default on client versions of Windows
#
# If you would like to submit a bug report, please visit:
#   http://bugreport.sun.com/bugreport/crash.jsp
#

---------------  T H R E A D  ---------------

Current thread (0x000000000dda5800):  JavaThread "stdout" daemon [_thread_in_vm, id=6432, stack(0x0000000066420000,0x0000000066520000)]

siginfo: ExceptionCode=0xc0000005, writing address 0x000000006651a250

Registers:
RAX=0x000000006651a250, RBX=0x0000000000000006, RCX=0x0000000000005000, RDX=0x0000000000000006
RSP=0x000000006651f250, RBP=0x0000000000000000, RSI=0x000000006651f250, RDI=0x0000000000000006
R8 =0x0000000000000006, R9 =0x000000000c19c860, R10=0x0000000061aa0ba0, R11=0x000000006642a188
R12=0x000000000c19c860, R13=0x000000000dda5800, R14=0x000000006651f318, R15=0x0000000061aa0ba0
RIP=0x0000000062252357, EFLAGS=0x0000000000010206

Top of Stack: (sp=0x000000006651f250)
0x000000006651f250:   00000000004156c0 0000000000000000
0x000000006651f260:   000000000dda5800 000000000c19c860
0x000000006651f270:   00000000ffffffff 0000000062253287
0x000000006651f280:   000000006651f380 0000000061aa0ba0
0x000000006651f290:   000000000dda5800 000000006210ffd3
0x000000006651f2a0:   000000006651f2e0 000000000dda5800
0x000000006651f2b0:   000000006651f370 000000000dda5800
0x000000006651f2c0:   0000000061aa0ba0 000000000dda5800
0x000000006651f2d0:   000000000f020780 000000000dda5800
0x000000006651f2e0:   0000000061aa0ba0 000000000dda5800
0x000000006651f2f0:   000000000592be48 000000000dda5800
0x000000006651f300:   0000000000000001 0000000061aa0ba0
0x000000006651f310:   000000000dda5800 0000000009523560
0x000000006651f320:   000000000dda5800 00000000621114bd
0x000000006651f330:   000000006651f638 000000001e016448
0x000000006651f340:   000000001e9d9838 000000000a970470 

Instructions: (pc=0x0000000062252357)
0x0000000062252337:   48 89 6c 24 30 33 ed 66 90 e8 fb 4d 08 00 ff c3
0x0000000062252347:   48 63 c8 48 8b c6 48 0f af cf 48 ff c7 48 2b c1
0x0000000062252357:   89 28 48 63 c3 48 3b 05 9d 68 55 00 7e db 48 8b
0x0000000062252367:   6c 24 30 48 8b 5c 24 38 48 8b 74 24 40 48 83 c4 


Register to memory mapping:

RAX=0x000000006651a250 is pointing into the stack for thread: 0x000000000dda5800
RBX=0x0000000000000006 is an unknown value
RCX=0x0000000000005000 is an unknown value
RDX=0x0000000000000006 is an unknown value
RSP=0x000000006651f250 is pointing into the stack for thread: 0x000000000dda5800
RBP=0x0000000000000000 is an unknown value
RSI=0x000000006651f250 is pointing into the stack for thread: 0x000000000dda5800
RDI=0x0000000000000006 is an unknown value
R8 =0x0000000000000006 is an unknown value
R9 =0x000000000c19c860 is an unknown value
R10=0x0000000061aa0ba0 is an unknown value
R11=0x000000006642a188 is pointing into the stack for thread: 0x000000000dda5800
R12=0x000000000c19c860 is an unknown value
R13=0x000000000dda5800 is a thread
R14=0x000000006651f318 is pointing into the stack for thread: 0x000000000dda5800
R15=0x0000000061aa0ba0 is an unknown value


Stack: [0x0000000066420000,0x0000000066520000],  sp=0x000000006651f250,  free space=1020k
