#
# There is insufficient memory for the Java Runtime Environment to continue.
# Native memory allocation (malloc) failed to allocate 126448 bytes for Chunk::new
# Possible reasons:
#   The system is out of physical RAM or swap space
#   In 32 bit mode, the process size limit was hit
# Possible solutions:
#   Reduce memory load on the system
#   Increase physical memory or swap space
#   Check if swap backing store is full
#   Use 64 bit Java on a 64 bit OS
#   Decrease Java heap size (-Xmx/-Xms)
#   Decrease number of Java threads
#   Decrease Java thread stack sizes (-Xss)
#   Set larger code cache with -XX:ReservedCodeCacheSize=
# This output file may be truncated or incomplete.
#
#  Out of Memory Error (allocation.cpp:388), pid=6844, tid=8864
#
# JRE version: Java(TM) SE Runtime Environment (8.0_05-b13) (build 1.8.0_05-b13)
# Java VM: Java HotSpot(TM) 64-Bit Server VM (25.5-b02 mixed mode windows-amd64 compressed oops)
# Failed to write core dump. Minidumps are not enabled by default on client versions of Windows
#

---------------  T H R E A D  ---------------

Current thread (0x0000000007275000):  JavaThread "C2 CompilerThread2" daemon [_thread_in_native, id=8864, stack(0x00000000082f0000,0x00000000083f0000)]

Stack: [0x00000000082f0000,0x00000000083f0000]
Native frames: (J=compiled Java code, j=interpreted, Vv=VM code, C=native code)
V  [jvm.dll+0x308dea]


Current CompileTask:
C2:   7258 1321       4       java.net.URLClassLoader$1::run (5 bytes)


---------------  P R O C E S S  ---------------

Java Threads: ( => current thread )
  0x0000000009f25800 JavaThread "File lock request listener" [_thread_in_native, id=6828, stack(0x000000000bfe0000,0x000000000c0e0000)]
  0x0000000009b80800 JavaThread "Stdin handler" [_thread_blocked, id=5696, stack(0x000000000b620000,0x000000000b720000)]
  0x0000000009b47000 JavaThread "Daemon worker" [_thread_in_vm, id=1608, stack(0x000000000b4f0000,0x000000000b5f0000)]
  0x0000000009a7f800 JavaThread "Cancel handler" [_thread_blocked, id=7944, stack(0x000000000b360000,0x000000000b460000)]
  0x0000000009b28000 JavaThread "Handler for socket connection from /127.0.0.1:54042 to /127.0.0.1:54043" [_thread_in_native, id=2720, stack(0x000000000aae0000,0x000000000abe0000)]
  0x0000000009b23800 JavaThread "Daemon" [_thread_blocked, id=9076, stack(0x000000000b170000,0x000000000b270000)]
  0x0000000009b0b000 JavaThread "Incoming local TCP Connector on port 54042" [_thread_in_native, id=8368, stack(0x000000000ada0000,0x000000000aea0000)]
  0x0000000007302000 JavaThread "Service Thread" daemon [_thread_blocked, id=5952, stack(0x00000000090e0000,0x00000000091e0000)]
  0x0000000007290800 JavaThread "C1 CompilerThread3" daemon [_thread_in_native, id=4512, stack(0x0000000008e90000,0x0000000008f90000)]
=>0x0000000007275000 JavaThread "C2 CompilerThread2" daemon [_thread_in_native, id=8864, stack(0x00000000082f0000,0x00000000083f0000)]
  0x000000000726f800 JavaThread "C2 CompilerThread1" daemon [_thread_in_native, id=4072, stack(0x0000000008cf0000,0x0000000008df0000)]
  0x0000000007267000 JavaThread "C2 CompilerThread0" daemon [_thread_in_native, id=2516, stack(0x0000000008b40000,0x0000000008c40000)]
  0x0000000007264000 JavaThread "Attach Listener" daemon [_thread_blocked, id=3128, stack(0x00000000089d0000,0x0000000008ad0000)]
  0x00000000061bf000 JavaThread "Signal Dispatcher" daemon [_thread_blocked, id=7472, stack(0x00000000087d0000,0x00000000088d0000)]
  0x00000000061af000 JavaThread "Finalizer" daemon [_thread_blocked, id=8416, stack(0x0000000008650000,0x0000000008750000)]
  0x00000000061a4800 JavaThread "Reference Handler" daemon [_thread_blocked, id=7388, stack(0x00000000083f0000,0x00000000084f0000)]
  0x00000000020ff000 JavaThread "main" [_thread_blocked, id=7024, stack(0x00000000022c0000,0x00000000023c0000)]

Other Threads:
  0x0000000007213000 VMThread [stack: 0x00000000081b0000,0x00000000082b0000] [id=2112]
  0x0000000007303000 WatcherThread [stack: 0x0000000009200000,0x0000000009300000] [id=1316]

VM state:not at safepoint (normal execution)

VM Mutex/Monitor currently owned by a thread: None

Heap:
 PSYoungGen      total 21504K, used 13973K [0x00000000eab00000, 0x00000000ecf00000, 0x0000000100000000)
  eden space 18944K, 60% used [0x00000000eab00000,0x00000000eb627978,0x00000000ebd80000)
  from space 2560K, 99% used [0x00000000ec100000,0x00000000ec37dae0,0x00000000ec380000)
  to   space 3584K, 0% used [0x00000000ebd80000,0x00000000ebd80000,0x00000000ec100000)
 ParOldGen       total 7168K, used 5372K [0x00000000c0000000, 0x00000000c0700000, 0x00000000eab00000)
  object space 7168K, 74% used [0x00000000c0000000,0x00000000c053f110,0x00000000c0700000)
 Metaspace       used 17454K, capacity 17862K, committed 18176K, reserved 1067008K
  class space    used 2454K, capacity 2557K, committed 2560K, reserved 1048576K

Card table byte_map: [0x0000000002780000,0x0000000002990000] byte_map_base: 0x0000000002180000

Marking Bits: (ParMarkBitMap*) 0x00000000628113b0
 Begin Bits: [0x00000000035c0000, 0x00000000045c0000)
 End Bits:   [0x00000000045c0000, 0x00000000055c0000)

Polling page: 0x0000000000440000

CodeCache: size=245760Kb used=4889Kb max_used=4889Kb free=240870Kb
 bounds [0x000000000f010000, 0x000000000f4e0000, 0x000000001e010000]
 total_blobs=1821 nmethods=1455 adapters=278
 compilation: enabled

Compilation events (10 events):
Event: 7.245 Thread 0x0000000007290800 nmethod 1457 0x000000000f4d70d0 code [0x000000000f4d7220, 0x000000000f4d7330]
Event: 7.245 Thread 0x0000000007290800 1458       3       sun.misc.VM::isSystemDomainLoader (10 bytes)
Event: 7.246 Thread 0x0000000007290800 nmethod 1458 0x000000000f4d7390 code [0x000000000f4d74e0, 0x000000000f4d7670]
Event: 7.247 Thread 0x0000000007290800 1459       1       java.lang.reflect.Proxy$Key1::hashCode (5 bytes)
Event: 7.247 Thread 0x0000000007290800 nmethod 1459 0x000000000f4d76d0 code [0x000000000f4d7820, 0x000000000f4d7930]
Event: 7.248 Thread 0x0000000007290800 1460       3       java.nio.Buffer::nextGetIndex (38 bytes)
Event: 7.248 Thread 0x0000000007290800 nmethod 1460 0x000000000f4d7990 code [0x000000000f4d7b00, 0x000000000f4d7d28]
Event: 7.249 Thread 0x0000000007290800 1461       3       java.nio.HeapByteBuffer::getShort (18 bytes)
Event: 7.250 Thread 0x0000000007290800 nmethod 1461 0x000000000f4d7e10 code [0x000000000f4d7fe0, 0x000000000f4d86c8]
Event: 7.251 Thread 0x0000000007290800 1462       1       java.lang.Class::getAnnotationType (5 bytes)

GC Heap History (10 events):
Event: 3.951 GC heap before
{Heap before GC invocations=11 (full 0):
 PSYoungGen      total 14336K, used 13749K [0x00000000eab00000, 0x00000000ebb00000, 0x0000000100000000)
  eden space 12288K, 100% used [0x00000000eab00000,0x00000000eb700000,0x00000000eb700000)
  from space 2048K, 71% used [0x00000000eb900000,0x00000000eba6d778,0x00000000ebb00000)
  to   space 2048K, 0% used [0x00000000eb700000,0x00000000eb700000,0x00000000eb900000)
 ParOldGen       total 64000K, used 2177K [0x00000000c0000000, 0x00000000c3e80000, 0x00000000eab00000)
  object space 64000K, 3% used [0x00000000c0000000,0x00000000c0220678,0x00000000c3e80000)
 Metaspace       used 9909K, capacity 10226K, committed 10496K, reserved 1058816K
  class space    used 1351K, capacity 1451K, committed 1536K, reserved 1048576K
Event: 3.958 GC heap after
Heap after GC invocations=11 (full 0):
 PSYoungGen      total 14336K, used 2037K [0x00000000eab00000, 0x00000000ec380000, 0x0000000100000000)
  eden space 12288K, 0% used [0x00000000eab00000,0x00000000eab00000,0x00000000eb700000)
  from space 2048K, 99% used [0x00000000eb700000,0x00000000eb8fd638,0x00000000eb900000)
  to   space 2560K, 0% used [0x00000000ec100000,0x00000000ec100000,0x00000000ec380000)
 ParOldGen       total 64000K, used 2954K [0x00000000c0000000, 0x00000000c3e80000, 0x00000000eab00000)
  object space 64000K, 4% used [0x00000000c0000000,0x00000000c02e29f0,0x00000000c3e80000)
 Metaspace       used 9909K, capacity 10226K, committed 10496K, reserved 1058816K
  class space    used 1351K, capacity 1451K, committed 1536K, reserved 1048576K
}
Event: 4.405 GC heap before
{Heap before GC invocations=12 (full 0):
 PSYoungGen      total 14336K, used 14325K [0x00000000eab00000, 0x00000000ec380000, 0x0000000100000000)
  eden space 12288K, 100% used [0x00000000eab00000,0x00000000eb700000,0x00000000eb700000)
  from space 2048K, 99% used [0x00000000eb700000,0x00000000eb8fd638,0x00000000eb900000)
  to   space 2560K, 0% used [0x00000000ec100000,0x00000000ec100000,0x00000000ec380000)
 ParOldGen       total 64000K, used 2954K [0x00000000c0000000, 0x00000000c3e80000, 0x00000000eab00000)
  object space 64000K, 4% used [0x00000000c0000000,0x00000000c02e29f0,0x00000000c3e80000)
 Metaspace       used 11215K, capacity 11570K, committed 11648K, reserved 1058816K
  class space    used 1562K, capacity 1643K, committed 1664K, reserved 1048576K
Event: 4.434 GC heap after
Heap after GC invocations=12 (full 0):
 PSYoungGen      total 22528K, used 1639K [0x00000000eab00000, 0x00000000ec380000, 0x0000000100000000)
  eden space 19968K, 0% used [0x00000000eab00000,0x00000000eab00000,0x00000000ebe80000)
  from space 2560K, 64% used [0x00000000ec100000,0x00000000ec299c98,0x00000000ec380000)
  to   space 2560K, 0% used [0x00000000ebe80000,0x00000000ebe80000,0x00000000ec100000)
 ParOldGen       total 64000K, used 3678K [0x00000000c0000000, 0x00000000c3e80000, 0x00000000eab00000)
  object space 64000K, 5% used [0x00000000c0000000,0x00000000c0397ac8,0x00000000c3e80000)
 Metaspace       used 11215K, capacity 11570K, committed 11648K, reserved 1058816K
  class space    used 1562K, capacity 1643K, committed 1664K, reserved 1048576K
}
Event: 5.116 GC heap before
{Heap before GC invocations=13 (full 0):
 PSYoungGen      total 22528K, used 11101K [0x00000000eab00000, 0x00000000ec380000, 0x0000000100000000)
  eden space 19968K, 47% used [0x00000000eab00000,0x00000000eb43d930,0x00000000ebe80000)
  from space 2560K, 64% used [0x00000000ec100000,0x00000000ec299c98,0x00000000ec380000)
  to   space 2560K, 0% used [0x00000000ebe80000,0x00000000ebe80000,0x00000000ec100000)
 ParOldGen       total 64000K, used 3678K [0x00000000c0000000, 0x00000000c3e80000, 0x00000000eab00000)
  object space 64000K, 5% used [0x00000000c0000000,0x00000000c0397ac8,0x00000000c3e80000)
 Metaspace       used 14218K, capacity 14514K, committed 14592K, reserved 1064960K
  class space    used 1933K, capacity 2027K, committed 2048K, reserved 1048576K
Event: 5.121 GC heap after
Heap after GC invocations=13 (full 0):
 PSYoungGen      total 22528K, used 2536K [0x00000000eab00000, 0x00000000ec380000, 0x0000000100000000)
  eden space 19968K, 0% used [0x00000000eab00000,0x00000000eab00000,0x00000000ebe80000)
  from space 2560K, 99% used [0x00000000ebe80000,0x00000000ec0fa3f8,0x00000000ec100000)
  to   space 2560K, 0% used [0x00000000ec100000,0x00000000ec100000,0x00000000ec380000)
 ParOldGen       total 64000K, used 4015K [0x00000000c0000000, 0x00000000c3e80000, 0x00000000eab00000)
  object space 64000K, 6% used [0x00000000c0000000,0x00000000c03ebd88,0x00000000c3e80000)
 Metaspace       used 14218K, capacity 14514K, committed 14592K, reserved 1064960K
  class space    used 1933K, capacity 2027K, committed 2048K, reserved 1048576K
}
Event: 5.121 GC heap before
{Heap before GC invocations=14 (full 1):
 PSYoungGen      total 22528K, used 2536K [0x00000000eab00000, 0x00000000ec380000, 0x0000000100000000)
  eden space 19968K, 0% used [0x00000000eab00000,0x00000000eab00000,0x00000000ebe80000)
  from space 2560K, 99% used [0x00000000ebe80000,0x00000000ec0fa3f8,0x00000000ec100000)
  to   space 2560K, 0% used [0x00000000ec100000,0x00000000ec100000,0x00000000ec380000)
 ParOldGen       total 64000K, used 4015K [0x00000000c0000000, 0x00000000c3e80000, 0x00000000eab00000)
  object space 64000K, 6% used [0x00000000c0000000,0x00000000c03ebd88,0x00000000c3e80000)
 Metaspace       used 14218K, capacity 14514K, committed 14592K, reserved 1064960K
  class space    used 1933K, capacity 2027K, committed 2048K, reserved 1048576K
Event: 5.203 GC heap after
Heap after GC invocations=14 (full 1):
 PSYoungGen      total 22528K, used 0K [0x00000000eab00000, 0x00000000ec380000, 0x0000000100000000)
  eden space 19968K, 0% used [0x00000000eab00000,0x00000000eab00000,0x00000000ebe80000)
  from space 2560K, 0% used [0x00000000ebe80000,0x00000000ebe80000,0x00000000ec100000)
  to   space 2560K, 0% used [0x00000000ec100000,0x00000000ec100000,0x00000000ec380000)
 ParOldGen       total 7168K, used 5201K [0x00000000c0000000, 0x00000000c0700000, 0x00000000eab00000)
  object space 7168K, 72% used [0x00000000c0000000,0x00000000c05147a8,0x00000000c0700000)
 Metaspace       used 14218K, capacity 14514K, committed 14592K, reserved 1064960K
  class space    used 1933K, capacity 2027K, committed 2048K, reserved 1048576K
}
Event: 6.756 GC heap before
{Heap before GC invocations=15 (full 1):
 PSYoungGen      total 22528K, used 19968K [0x00000000eab00000, 0x00000000ec380000, 0x0000000100000000)
  eden space 19968K, 100% used [0x00000000eab00000,0x00000000ebe80000,0x00000000ebe80000)
  from space 2560K, 0% used [0x00000000ebe80000,0x00000000ebe80000,0x00000000ec100000)
  to   space 2560K, 0% used [0x00000000ec100000,0x00000000ec100000,0x00000000ec380000)
 ParOldGen       total 7168K, used 5201K [0x00000000c0000000, 0x00000000c0700000, 0x00000000eab00000)
  object space 7168K, 72% used [0x00000000c0000000,0x00000000c05147a8,0x00000000c0700000)
 Metaspace       used 16453K, capacity 16794K, committed 17024K, reserved 1064960K
  class space    used 2299K, capacity 2395K, committed 2432K, reserved 1048576K
Event: 6.763 GC heap after
Heap after GC invocations=15 (full 1):
 PSYoungGen      total 21504K, used 2550K [0x00000000eab00000, 0x00000000ecf00000, 0x0000000100000000)
  eden space 18944K, 0% used [0x00000000eab00000,0x00000000eab00000,0x00000000ebd80000)
  from space 2560K, 99% used [0x00000000ec100000,0x00000000ec37dae0,0x00000000ec380000)
  to   space 3584K, 0% used [0x00000000ebd80000,0x00000000ebd80000,0x00000000ec100000)
 ParOldGen       total 7168K, used 5372K [0x00000000c0000000, 0x00000000c0700000, 0x00000000eab00000)
  object space 7168K, 74% used [0x00000000c0000000,0x00000000c053f110,0x00000000c0700000)
 Metaspace       used 16453K, capacity 16794K, committed 17024K, reserved 1064960K
  class space    used 2299K, capacity 2395K, committed 2432K, reserved 1048576K
}

Deoptimization events (10 events):
Event: 5.977 Thread 0x0000000009b47000 Uncommon trap: reason=class_check action=maybe_recompile pc=0x000000000f27af1c method=java.util.regex.Matcher.match(II)Z @ 86
Event: 5.977 Thread 0x0000000009b47000 Uncommon trap: reason=class_check action=maybe_recompile pc=0x000000000f27af1c method=java.util.regex.Matcher.match(II)Z @ 86
Event: 6.087 Thread 0x0000000009b47000 Uncommon trap: reason=bimorphic action=maybe_recompile pc=0x000000000f3d2638 method=java.util.HashMap.putVal(ILjava/lang/Object;Ljava/lang/Object;ZZ)Ljava/lang/Object; @ 203
Event: 6.093 Thread 0x0000000009b47000 Uncommon trap: reason=class_check action=maybe_recompile pc=0x000000000f3d0f78 method=java.util.HashMap.putVal(ILjava/lang/Object;Ljava/lang/Object;ZZ)Ljava/lang/Object; @ 203
Event: 6.093 Thread 0x0000000009b47000 Uncommon trap: reason=class_check action=maybe_recompile pc=0x000000000f3d0f78 method=java.util.HashMap.putVal(ILjava/lang/Object;Ljava/lang/Object;ZZ)Ljava/lang/Object; @ 203
Event: 6.121 Thread 0x0000000009b47000 Uncommon trap: reason=class_check action=maybe_recompile pc=0x000000000f476f68 method=org.gradle.internal.service.DefaultServiceRegistry$SingletonService.getService(Lorg/gradle/internal/service/DefaultServiceRegistry$LookupContext;Lorg/gradle/internal/serv
Event: 6.121 Thread 0x0000000009b47000 Uncommon trap: reason=class_check action=maybe_recompile pc=0x000000000f476f68 method=org.gradle.internal.service.DefaultServiceRegistry$SingletonService.getService(Lorg/gradle/internal/service/DefaultServiceRegistry$LookupContext;Lorg/gradle/internal/servHÆH—{@
Event: 6.121 Thread 0x0000000009b47000 Uncommon trap: reason=class_check action=maybe_recompile pc=0x000000000f476f68 method=org.gradle.internal.service.DefaultServiceRegistry$SingletonService.getService(Lorg/gradle/internal/service/DefaultServiceRegistry$LookupContext;Lorg/gradle/internal/serv§–w¤{@
Event: 6.121 Thread 0x0000000009b47000 Uncommon trap: reason=class_check action=maybe_recompile pc=0x000000000f476f68 method=org.gradle.internal.service.DefaultServiceRegistry$SingletonService.getService(Lorg/gradle/internal/service/DefaultServiceRegistry$LookupContext;Lorg/gradle/internal/servæFË=@
Event: 7.008 Thread 0x0000000009b47000 Uncommon trap: reason=bimorphic action=maybe_recompile pc=0x000000000f3ec020 method=java.util.HashMap.putVal(ILjava/lang/Object;Ljava/lang/Object;ZZ)Ljava/lang/Object; @ 203

Internal exceptions (10 events):
Event: 7.208 Thread 0x0000000009b47000 Exception <a 'java/security/PrivilegedActionException'> (0x00000000eb5a22d0) thrown at [D:\re\workspace\8-2-build-windows-amd64-cygwin\jdk8u5\2488\hotspot\src\share\vm\prims\jvm.cpp, line 1248]
Event: 7.209 Thread 0x0000000009b47000 Exception <a 'java/security/PrivilegedActionException'> (0x00000000eb5a8770) thrown at [D:\re\workspace\8-2-build-windows-amd64-cygwin\jdk8u5\2488\hotspot\src\share\vm\prims\jvm.cpp, line 1248]
Event: 7.209 Thread 0x0000000009b47000 Exception <a 'java/security/PrivilegedActionException'> (0x00000000eb5acdc8) thrown at [D:\re\workspace\8-2-build-windows-amd64-cygwin\jdk8u5\2488\hotspot\src\share\vm\prims\jvm.cpp, line 1248]
Event: 7.209 Thread 0x0000000009b47000 Exception <a 'java/security/PrivilegedActionException'> (0x00000000eb5adbf0) thrown at [D:\re\workspace\8-2-build-windows-amd64-cygwin\jdk8u5\2488\hotspot\src\share\vm\prims\jvm.cpp, line 1248]
Event: 7.210 Thread 0x0000000009b47000 Exception <a 'java/security/PrivilegedActionException'> (0x00000000eb5b4460) thrown at [D:\re\workspace\8-2-build-windows-amd64-cygwin\jdk8u5\2488\hotspot\src\share\vm\prims\jvm.cpp, line 1248]
Event: 7.211 Thread 0x0000000009b47000 Exception <a 'java/security/PrivilegedActionException'> (0x00000000eb5b55c0) thrown at [D:\re\workspace\8-2-build-windows-amd64-cygwin\jdk8u5\2488\hotspot\src\share\vm\prims\jvm.cpp, line 1248]
Event: 7.213 Thread 0x0000000009b47000 Exception <a 'java/security/PrivilegedActionException'> (0x00000000eb5baa50) thrown at [D:\re\workspace\8-2-build-windows-amd64-cygwin\jdk8u5\2488\hotspot\src\share\vm\prims\jvm.cpp, line 1248]
Event: 7.213 Thread 0x0000000009b47000 Exception <a 'java/security/PrivilegedActionException'> (0x00000000eb5bb7c0) thrown at [D:\re\workspace\8-2-build-windows-amd64-cygwin\jdk8u5\2488\hotspot\src\share\vm\prims\jvm.cpp, line 1248]
Event: 7.217 Thread 0x0000000009b47000 Exception <a 'java/security/PrivilegedActionException'> (0x00000000eb5caa50) thrown at [D:\re\workspace\8-2-build-windows-amd64-cygwin\jdk8u5\2488\hotspot\src\share\vm\prims\jvm.cpp, line 1248]
Event: 7.217 Thread 0x0000000009b47000 Exception <a 'java/security/PrivilegedActionException'> (0x00000000eb5cb710) thrown at [D:\re\workspace\8-2-build-windows-amd64-cygwin\jdk8u5\2488\hotspot\src\share\vm\prims\jvm.cpp, line 1248]

Events (10 events):
Event: 7.208 loading class org/gradle/api/internal/notations/DependencyMapNotationParser
Event: 7.208 loading class org/gradle/api/internal/notations/DependencyMapNotationParser done
Event: 7.209 loading class org/gradle/internal/typeconversion/MapNotationParser
Event: 7.209 loading class org/gradle/internal/typeconversion/MapNotationParser done
Event: 7.210 loading class org/gradle/internal/typeconversion/TypedNotationParser
Event: 7.210 loading class org/gradle/internal/typeconversion/TypedNotationParser done
Event: 7.213 loading class org/gradle/internal/typeconversion/MapKey
Event: 7.213 loading class org/gradle/internal/typeconversion/MapKey done
Event: 7.216 loading class org/gradle/api/tasks/Optional
Event: 7.216 loading class org/gradle/api/tasks/Optional done


Dynamic libraries:
0x000000013f760000 - 0x000000013f794000 	C:\Program Files\Java\jdk1.8.0_05\bin\java.exe
0x0000000077c50000 - 0x0000000077df9000 	C:\Windows\SYSTEM32\ntdll.dll
0x0000000077b30000 - 0x0000000077c4f000 	C:\Windows\system32\kernel32.dll
0x000007fefdbc0000 - 0x000007fefdc2c000 	C:\Windows\system32\KERNELBASE.dll
0x000007fefe740000 - 0x000007fefe81b000 	C:\Windows\system32\ADVAPI32.dll
0x000007fefe350000 - 0x000007fefe3ef000 	C:\Windows\system32\msvcrt.dll
0x000007feffb50000 - 0x000007feffb6f000 	C:\Windows\SYSTEM32\sechost.dll
0x000007feff820000 - 0x000007feff94d000 	C:\Windows\system32\RPCRT4.dll
0x0000000077a30000 - 0x0000000077b2a000 	C:\Windows\system32\USER32.dll
0x000007fefe3f0000 - 0x000007fefe457000 	C:\Windows\system32\GDI32.dll
0x000007fefe730000 - 0x000007fefe73e000 	C:\Windows\system32\LPK.dll
0x000007fefe930000 - 0x000007fefe9f9000 	C:\Windows\system32\USP10.dll
0x000007fefc340000 - 0x000007fefc534000 	C:\Windows\WinSxS\amd64_microsoft.windows.common-controls_6595b64144ccf1df_6.0.7601.17514_none_fa396087175ac9ac\COMCTL32.dll
0x000007fefe1e0000 - 0x000007fefe251000 	C:\Windows\system32\SHLWAPI.dll
0x000007fefea00000 - 0x000007fefea2e000 	C:\Windows\system32\IMM32.DLL
0x000007fefe820000 - 0x000007fefe929000 	C:\Windows\system32\MSCTF.dll
0x000007fefd940000 - 0x000007fefd971000 	C:\Windows\system32\nvinitx.dll
0x000000000f000000 - 0x000000000f006000 	C:\Program Files\NVIDIA Corporation\CoProcManager\detoured.dll
0x000007fef98c0000 - 0x000007fef98f2000 	C:\Program Files\NVIDIA Corporation\CoProcManager\nvd3d9wrapx.dll
0x000007feff970000 - 0x000007feffb47000 	C:\Windows\system32\SETUPAPI.dll
0x000007fefda70000 - 0x000007fefdaa6000 	C:\Windows\system32\CFGMGR32.dll
0x000007fefe270000 - 0x000007fefe347000 	C:\Windows\system32\OLEAUT32.dll
0x000007feffb70000 - 0x000007feffd73000 	C:\Windows\system32\ole32.dll
0x000007fefdab0000 - 0x000007fefdaca000 	C:\Windows\system32\DEVOBJ.dll
0x000007fef9770000 - 0x000007fef9792000 	C:\Program Files\NVIDIA Corporation\CoProcManager\nvdxgiwrapx.dll
0x0000000064530000 - 0x0000000064602000 	C:\Program Files\Java\jdk1.8.0_05\jre\bin\msvcr100.dll
0x0000000062060000 - 0x000000006288a000 	C:\Program Files\Java\jdk1.8.0_05\jre\bin\server\jvm.dll
0x000007fef78b0000 - 0x000007fef78b9000 	C:\Windows\system32\WSOCK32.dll
0x000007feffd80000 - 0x000007feffdcd000 	C:\Windows\system32\WS2_32.dll
0x000007fefe260000 - 0x000007fefe268000 	C:\Windows\system32\NSI.dll
0x000007fefa100000 - 0x000007fefa13b000 	C:\Windows\system32\WINMM.dll
0x0000000077e10000 - 0x0000000077e17000 	C:\Windows\system32\PSAPI.DLL
0x00000000735e0000 - 0x00000000735ef000 	C:\Program Files\Java\jdk1.8.0_05\jre\bin\verify.dll
0x00000000735b0000 - 0x00000000735d8000 	C:\Program Files\Java\jdk1.8.0_05\jre\bin\java.dll
0x0000000073590000 - 0x00000000735a6000 	C:\Program Files\Java\jdk1.8.0_05\jre\bin\zip.dll
0x000007fefea30000 - 0x000007feff7b9000 	C:\Windows\system32\SHELL32.dll
0x000007fefda10000 - 0x000007fefda1f000 	C:\Windows\system32\profapi.dll
0x000007fefd1d0000 - 0x000007fefd1e8000 	C:\Windows\system32\CRYPTSP.dll
0x000007fefced0000 - 0x000007fefcf17000 	C:\Windows\system32\rsaenh.dll
0x000007fefda50000 - 0x000007fefda6e000 	C:\Windows\system32\USERENV.dll
0x000007fefd830000 - 0x000007fefd83f000 	C:\Windows\system32\CRYPTBASE.dll
0x0000000073570000 - 0x000000007358a000 	C:\Program Files\Java\jdk1.8.0_05\jre\bin\net.dll
0x000007fefd170000 - 0x000007fefd1c5000 	C:\Windows\system32\mswsock.dll
0x000007fefd160000 - 0x000007fefd167000 	C:\Windows\System32\wship6.dll
0x000007fef9e50000 - 0x000007fef9e77000 	C:\Windows\system32\IPHLPAPI.DLL
0x000007fef9e40000 - 0x000007fef9e4b000 	C:\Windows\system32\WINNSI.DLL
0x000007fef9750000 - 0x000007fef9768000 	C:\Windows\system32\dhcpcsvc.DLL
0x000007fef9730000 - 0x000007fef9741000 	C:\Windows\system32\dhcpcsvc6.DLL
0x000000006ead0000 - 0x000000006eae1000 	C:\Program Files\Java\jdk1.8.0_05\jre\bin\nio.dll
0x000007fefa910000 - 0x000007fefa922000 	C:\Users\Richard\AppData\Local\Temp\native-platform6715181050401408484dir\native-platform.dll
0x000007fefd7d0000 - 0x000007fefd827000 	C:\Windows\system32\apphelp.dll

VM Arguments:
jvm_args: -XX:MaxPermSize=256m -XX:+HeapDumpOnOutOfMemoryError -Xmx1024m -Dfile.encoding=windows-1252 -Duser.country=US -Duser.language=en -Duser.variant 
java_command: org.gradle.launcher.daemon.bootstrap.GradleDaemon 2.2.1 C:\Users\Richard\.gradle\daemon 10800000 eab33227-762e-4e86-a943-0c97d59e4cad -XX:MaxPermSize=256m -XX:+HeapDumpOnOutOfMemoryError -Xmx1024m -Dfile.encoding=windows-1252 -Duser.country=US -Duser.language=en -Duser.variant
java_class_path (initial): C:\Program Files\Android\Android Studio\gradle\gradle-2.2.1\lib\gradle-launcher-2.2.1.jar
Launcher Type: SUN_STANDARD

Environment Variables:
JAVA_HOME=C:\Program Files\Java\jdk1.8.0_05\
PATH=C:\Program Files (x86)\NVIDIA Corporation\PhysX\Common;C:\ProgramData\Oracle\Java\javapath;C:\Windows\system32;C:\Windows;C:\Windows\System32\Wbem;C:\Windows\System32\WindowsPowerShell\v1.0\;C:\Program Files (x86)\Livestreamer;C:\Program Files (x86)\Vim\vim74\;C:\Program Files\Java\jdk1.8.0_05\bin\;C:\Program Files (x86)\QuickTime\QTSystem\
USERNAME=Richard
OS=Windows_NT
PROCESSOR_IDENTIFIER=Intel64 Family 6 Model 42 Stepping 7, GenuineIntel



---------------  S Y S T E M  ---------------

OS: Windows 7 , 64 bit Build 7601 Service Pack 1

CPU:total 8 (4 cores per cpu, 2 threads per core) family 6 model 42 stepping 7, cmov, cx8, fxsr, mmx, sse, sse2, sse3, ssse3, sse4.1, sse4.2, popcnt, avx, clmul, ht, tsc, tscinvbit

Memory: 4k page, physical 4103248k(162548k free), swap 6198544k(5016k free)

vm_info: Java HotSpot(TM) 64-Bit Server VM (25.5-b02) for windows-amd64 JRE (1.8.0_05-b13), built on Mar 18 2014 01:08:39 by "java_re" with MS VC++ 10.0 (VS2010)

time: Tue Mar 31 19:26:20 2015
elapsed time: 7 seconds

