#
# There is insufficient memory for the Java Runtime Environment to continue.
# Native memory allocation (malloc) failed to allocate 186016 bytes for Chunk::new
# Possible reasons:
#   The system is out of physical RAM or swap space
#   In 32 bit mode, the process size limit was hit
# Possible solutions:
#   Reduce memory load on the system
#   Increase physical memory or swap space
#   Check if swap backing store is full
#   Use 64 bit Java on a 64 bit OS
#   Decrease Java heap size (-Xmx/-Xms)
#   Decrease number of Java threads
#   Decrease Java thread stack sizes (-Xss)
#   Set larger code cache with -XX:ReservedCodeCacheSize=
# This output file may be truncated or incomplete.
#
#  Out of Memory Error (allocation.cpp:388), pid=5952, tid=6952
#
# JRE version: Java(TM) SE Runtime Environment (8.0_05-b13) (build 1.8.0_05-b13)
# Java VM: Java HotSpot(TM) 64-Bit Server VM (25.5-b02 mixed mode windows-amd64 compressed oops)
# Failed to write core dump. Minidumps are not enabled by default on client versions of Windows
#

---------------  T H R E A D  ---------------

Current thread (0x000000000689d800):  JavaThread "C2 CompilerThread2" daemon [_thread_in_native, id=6952, stack(0x00000000094b0000,0x00000000095b0000)]

Stack: [0x00000000094b0000,0x00000000095b0000]
[error occurred during error reporting (printing stack bounds), id 0xc0000005]

Native frames: (J=compiled Java code, j=interpreted, Vv=VM code, C=native code)
V  [jvm.dll+0x308dea]


Current CompileTask:
C2:    708  947   !   4       com.android.dx.rop.type.Type::intern (319 bytes)


---------------  P R O C E S S  ---------------

Java Threads: ( => current thread )
  0x00000000079df800 JavaThread "Service Thread" daemon [_thread_blocked, id=3244, stack(0x0000000009740000,0x0000000009840000)]
  0x000000000796e000 JavaThread "C1 CompilerThread3" daemon [_thread_blocked, id=5104, stack(0x0000000008b00000,0x0000000008c00000)]
=>0x000000000689d800 JavaThread "C2 CompilerThread2" daemon [_thread_in_native, id=6952, stack(0x00000000094b0000,0x00000000095b0000)]
  0x000000000689c000 JavaThread "C2 CompilerThread1" daemon [_thread_blocked, id=5512, stack(0x00000000092a0000,0x00000000093a0000)]
  0x000000000794d800 JavaThread "C2 CompilerThread0" daemon [_thread_in_native, id=2236, stack(0x0000000009090000,0x0000000009190000)]
  0x0000000007948000 JavaThread "Attach Listener" daemon [_thread_blocked, id=5192, stack(0x0000000008f80000,0x0000000009080000)]
  0x0000000007946800 JavaThread "Signal Dispatcher" daemon [_thread_blocked, id=5540, stack(0x0000000008dd0000,0x0000000008ed0000)]
  0x000000000688b000 JavaThread "Finalizer" daemon [_thread_blocked, id=6608, stack(0x0000000008c70000,0x0000000008d70000)]
  0x00000000026be800 JavaThread "Reference Handler" daemon [_thread_blocked, id=372, stack(0x00000000089e0000,0x0000000008ae0000)]
  0x00000000025be000 JavaThread "main" [_thread_blocked, id=6244, stack(0x0000000002740000,0x0000000002840000)]

Other Threads:
  0x00000000026bc000 VMThread [stack: 0x0000000008840000,0x0000000008940000] [id=7112]
  0x00000000079e0800 WatcherThread [stack: 0x0000000009620000,0x0000000009720000] [id=6032]

VM state:at safepoint (normal execution)

VM Mutex/Monitor currently owned by a thread:  ([mutex/lock_event])
[0x00000000025bc6c0] Threads_lock - owner thread: 0x00000000026bc000
[0x00000000025bcbc0] Heap_lock - owner thread: 0x00000000025be000

Heap:
 PSYoungGen      total 4608K, used 4587K [0x00000000eab00000, 0x00000000eb200000, 0x0000000100000000)
  eden space 3584K, 100% used [0x00000000eab00000,0x00000000eae80000,0x00000000eae80000)
  from space 1024K, 97% used [0x00000000eb000000,0x00000000eb0fac30,0x00000000eb100000)
  to   space 1536K, 72% used [0x00000000eae80000,0x00000000eaf95268,0x00000000eb000000)
 ParOldGen       total 64000K, used 3766K [0x00000000c0000000, 0x00000000c3e80000, 0x00000000eab00000)
  object space 64000K, 5% used [0x00000000c0000000,0x00000000c03adbe8,0x00000000c3e80000)
 Metaspace       used 5463K, capacity 6704K, committed 6784K, reserved 1056768K
  class space    used 576K, capacity 616K, committed 640K, reserved 1048576K

Card table byte_map: [0x0000000002cf0000,0x0000000002f00000] byte_map_base: 0x00000000026f0000

Marking Bits: (ParMarkBitMap*) 0x0000000065d213b0
 Begin Bits: [0x0000000003ca0000, 0x0000000004ca0000)
 End Bits:   [0x0000000004ca0000, 0x0000000005ca0000)

Polling page: 0x0000000000330000

CodeCache: size=245760Kb used=3300Kb max_used=3300Kb free=242459Kb
 bounds [0x000000000f010000, 0x000000000f350000, 0x000000001e010000]
 total_blobs=1218 nmethods=956 adapters=176
 compilation: enabled

Compilation events (10 events):
Event: 0.697 Thread 0x000000000796e000  955       3       com.android.dx.util.ByteArrayAnnotatedOutput::assertCursor (48 bytes)
Event: 0.697 Thread 0x000000000796e000 nmethod 955 0x000000000f347dd0 code [0x000000000f347fe0, 0x000000000f3489d8]
Event: 0.697 Thread 0x000000000796e000  956       3       com.android.dx.dex.file.StringDataItem::writeTo0 (103 bytes)
Event: 0.698 Thread 0x000000000796e000 nmethod 956 0x000000000f348e50 code [0x000000000f349160, 0x000000000f34a9a8]
Event: 0.698 Thread 0x000000000796e000  957       3       com.android.dx.util.ByteArrayAnnotatedOutput::write (61 bytes)
Event: 0.699 Thread 0x000000000796e000 nmethod 957 0x000000000f33cc50 code [0x000000000f33cde0, 0x000000000f33d288]
Event: 0.699 Thread 0x000000000796e000  958       3       com.android.dx.util.ByteArray::getBytes (39 bytes)
Event: 0.699 Thread 0x000000000796e000 nmethod 958 0x000000000f34b690 code [0x000000000f34b820, 0x000000000f34bb38]
Event: 0.699 Thread 0x000000000796e000  950       1       com.android.dx.dex.file.DexFile::getProtoIds (5 bytes)
Event: 0.699 Thread 0x000000000796e000 nmethod 950 0x000000000f33c910 code [0x000000000f33ca60, 0x000000000f33cb70]

GC Heap History (10 events):
Event: 0.365 GC heap before
{Heap before GC invocations=6 (full 0):
 PSYoungGen      total 1536K, used 1520K [0x00000000eab00000, 0x00000000eaf00000, 0x0000000100000000)
  eden space 1024K, 100% used [0x00000000eab00000,0x00000000eac00000,0x00000000eac00000)
  from space 512K, 96% used [0x00000000eac00000,0x00000000eac7c010,0x00000000eac80000)
  to   space 1024K, 0% used [0x00000000eae00000,0x00000000eae00000,0x00000000eaf00000)
 ParOldGen       total 64000K, used 729K [0x00000000c0000000, 0x00000000c3e80000, 0x00000000eab00000)
  object space 64000K, 1% used [0x00000000c0000000,0x00000000c00b66e0,0x00000000c3e80000)
 Metaspace       used 3867K, capacity 5456K, committed 5760K, reserved 1056768K
  class space    used 437K, capacity 520K, committed 640K, reserved 1048576K
Event: 0.366 GC heap after
Heap after GC invocations=6 (full 0):
 PSYoungGen      total 3072K, used 860K [0x00000000eab00000, 0x00000000eaf00000, 0x0000000100000000)
  eden space 2048K, 0% used [0x00000000eab00000,0x00000000eab00000,0x00000000ead00000)
  from space 1024K, 84% used [0x00000000eae00000,0x00000000eaed7170,0x00000000eaf00000)
  to   space 1024K, 0% used [0x00000000ead00000,0x00000000ead00000,0x00000000eae00000)
 ParOldGen       total 64000K, used 737K [0x00000000c0000000, 0x00000000c3e80000, 0x00000000eab00000)
  object space 64000K, 1% used [0x00000000c0000000,0x00000000c00b86e0,0x00000000c3e80000)
 Metaspace       used 3867K, capacity 5456K, committed 5760K, reserved 1056768K
  class space    used 437K, capacity 520K, committed 640K, reserved 1048576K
}
Event: 0.423 GC heap before
{Heap before GC invocations=7 (full 0):
 PSYoungGen      total 3072K, used 2908K [0x00000000eab00000, 0x00000000eaf00000, 0x0000000100000000)
  eden space 2048K, 100% used [0x00000000eab00000,0x00000000ead00000,0x00000000ead00000)
  from space 1024K, 84% used [0x00000000eae00000,0x00000000eaed7170,0x00000000eaf00000)
  to   space 1024K, 0% used [0x00000000ead00000,0x00000000ead00000,0x00000000eae00000)
 ParOldGen       total 64000K, used 737K [0x00000000c0000000, 0x00000000c3e80000, 0x00000000eab00000)
  object space 64000K, 1% used [0x00000000c0000000,0x00000000c00b86e0,0x00000000c3e80000)
 Metaspace       used 4554K, capacity 6032K, committed 6272K, reserved 1056768K
  class space    used 512K, capacity 584K, committed 640K, reserved 1048576K
Event: 0.424 GC heap after
Heap after GC invocations=7 (full 0):
 PSYoungGen      total 3072K, used 929K [0x00000000eab00000, 0x00000000eb100000, 0x0000000100000000)
  eden space 2048K, 0% used [0x00000000eab00000,0x00000000eab00000,0x00000000ead00000)
  from space 1024K, 90% used [0x00000000ead00000,0x00000000eade8638,0x00000000eae00000)
  to   space 1024K, 0% used [0x00000000eb000000,0x00000000eb000000,0x00000000eb100000)
 ParOldGen       total 64000K, used 1133K [0x00000000c0000000, 0x00000000c3e80000, 0x00000000eab00000)
  object space 64000K, 1% used [0x00000000c0000000,0x00000000c011b740,0x00000000c3e80000)
 Metaspace       used 4554K, capacity 6032K, committed 6272K, reserved 1056768K
  class space    used 512K, capacity 584K, committed 640K, reserved 1048576K
}
Event: 0.495 GC heap before
{Heap before GC invocations=8 (full 0):
 PSYoungGen      total 3072K, used 2977K [0x00000000eab00000, 0x00000000eb100000, 0x0000000100000000)
  eden space 2048K, 100% used [0x00000000eab00000,0x00000000ead00000,0x00000000ead00000)
  from space 1024K, 90% used [0x00000000ead00000,0x00000000eade8638,0x00000000eae00000)
  to   space 1024K, 0% used [0x00000000eb000000,0x00000000eb000000,0x00000000eb100000)
 ParOldGen       total 64000K, used 1133K [0x00000000c0000000, 0x00000000c3e80000, 0x00000000eab00000)
  object space 64000K, 1% used [0x00000000c0000000,0x00000000c011b740,0x00000000c3e80000)
 Metaspace       used 4894K, capacity 6320K, committed 6528K, reserved 1056768K
  class space    used 538K, capacity 616K, committed 640K, reserved 1048576K
Event: 0.502 GC heap after
Heap after GC invocations=8 (full 0):
 PSYoungGen      total 4608K, used 992K [0x00000000eab00000, 0x00000000eb200000, 0x0000000100000000)
  eden space 3584K, 0% used [0x00000000eab00000,0x00000000eab00000,0x00000000eae80000)
  from space 1024K, 96% used [0x00000000eb000000,0x00000000eb0f8018,0x00000000eb100000)
  to   space 1536K, 0% used [0x00000000eae80000,0x00000000eae80000,0x00000000eb000000)
 ParOldGen       total 64000K, used 1376K [0x00000000c0000000, 0x00000000c3e80000, 0x00000000eab00000)
  object space 64000K, 2% used [0x00000000c0000000,0x00000000c01582d8,0x00000000c3e80000)
 Metaspace       used 4894K, capacity 6320K, committed 6528K, reserved 1056768K
  class space    used 538K, capacity 616K, committed 640K, reserved 1048576K
}
Event: 0.618 GC heap before
{Heap before GC invocations=9 (full 0):
 PSYoungGen      total 4608K, used 4574K [0x00000000eab00000, 0x00000000eb200000, 0x0000000100000000)
  eden space 3584K, 99% used [0x00000000eab00000,0x00000000eae7f870,0x00000000eae80000)
  from space 1024K, 96% used [0x00000000eb000000,0x00000000eb0f8018,0x00000000eb100000)
  to   space 1536K, 0% used [0x00000000eae80000,0x00000000eae80000,0x00000000eb000000)
 ParOldGen       total 64000K, used 1376K [0x00000000c0000000, 0x00000000c3e80000, 0x00000000eab00000)
  object space 64000K, 2% used [0x00000000c0000000,0x00000000c01582d8,0x00000000c3e80000)
 Metaspace       used 5104K, capacity 6512K, committed 6784K, reserved 1056768K
  class space    used 542K, capacity 616K, committed 640K, reserved 1048576K
Event: 0.621 GC heap after
Heap after GC invocations=9 (full 0):
 PSYoungGen      total 5120K, used 1504K [0x00000000eab00000, 0x00000000eb200000, 0x0000000100000000)
  eden space 3584K, 0% used [0x00000000eab00000,0x00000000eab00000,0x00000000eae80000)
  from space 1536K, 97% used [0x00000000eae80000,0x00000000eaff8018,0x00000000eb000000)
  to   space 1024K, 0% used [0x00000000eb000000,0x00000000eb000000,0x00000000eb100000)
 ParOldGen       total 64000K, used 1643K [0x00000000c0000000, 0x00000000c3e80000, 0x00000000eab00000)
  object space 64000K, 2% used [0x00000000c0000000,0x00000000c019ade8,0x00000000c3e80000)
 Metaspace       used 5104K, capacity 6512K, committed 6784K, reserved 1056768K
  class space    used 542K, capacity 616K, committed 640K, reserved 1048576K
}
Event: 0.638 GC heap before
{Heap before GC invocations=10 (full 0):
 PSYoungGen      total 5120K, used 4666K [0x00000000eab00000, 0x00000000eb200000, 0x0000000100000000)
  eden space 3584K, 88% used [0x00000000eab00000,0x00000000eae16940,0x00000000eae80000)
  from space 1536K, 97% used [0x00000000eae80000,0x00000000eaff8018,0x00000000eb000000)
  to   space 1024K, 0% used [0x00000000eb000000,0x00000000eb000000,0x00000000eb100000)
 ParOldGen       total 64000K, used 1643K [0x00000000c0000000, 0x00000000c3e80000, 0x00000000eab00000)
  object space 64000K, 2% used [0x00000000c0000000,0x00000000c019ade8,0x00000000c3e80000)
 Metaspace       used 5105K, capacity 6512K, committed 6784K, reserved 1056768K
  class space    used 542K, capacity 616K, committed 640K, reserved 1048576K
Event: 0.640 GC heap after
Heap after GC invocations=10 (full 0):
 PSYoungGen      total 4608K, used 1003K [0x00000000eab00000, 0x00000000eb200000, 0x0000000100000000)
  eden space 3584K, 0% used [0x00000000eab00000,0x00000000eab00000,0x00000000eae80000)
  from space 1024K, 97% used [0x00000000eb000000,0x00000000eb0fac30,0x00000000eb100000)
  to   space 1536K, 0% used [0x00000000eae80000,0x00000000eae80000,0x00000000eb000000)
 ParOldGen       total 64000K, used 3143K [0x00000000c0000000, 0x00000000c3e80000, 0x00000000eab00000)
  object space 64000K, 4% used [0x00000000c0000000,0x00000000c0311d00,0x00000000c3e80000)
 Metaspace       used 5105K, capacity 6512K, committed 6784K, reserved 1056768K
  class space    used 542K, capacity 616K, committed 640K, reserved 1048576K
}

Deoptimization events (2 events):
Event: 0.652 Thread 0x00000000025be000 Uncommon trap: reason=bimorphic action=maybe_recompile pc=0x000000000f233ac4 method=java.util.HashMap.getNode(ILjava/lang/Object;)Ljava/util/HashMap$Node; @ 126
Event: 0.655 Thread 0x00000000025be000 Uncommon trap: reason=bimorphic action=maybe_recompile pc=0x000000000f233ac4 method=java.util.HashMap.getNode(ILjava/lang/Object;)Ljava/util/HashMap$Node; @ 126

Internal exceptions (10 events):
Event: 0.668 Thread 0x00000000025be000 Exception <a 'java/security/PrivilegedActionException'> (0x00000000eadf5c10) thrown at [D:\re\workspace\8-2-build-windows-amd64-cygwin\jdk8u5\2488\hotspot\src\share\vm\prims\jvm.cpp, line 1248]
Event: 0.676 Thread 0x00000000025be000 Exception <a 'java/security/PrivilegedActionException'> (0x00000000eae0ac88) thrown at [D:\re\workspace\8-2-build-windows-amd64-cygwin\jdk8u5\2488\hotspot\src\share\vm\prims\jvm.cpp, line 1248]
Event: 0.678 Thread 0x00000000025be000 Exception <a 'java/security/PrivilegedActionException'> (0x00000000eae12e88) thrown at [D:\re\workspace\8-2-build-windows-amd64-cygwin\jdk8u5\2488\hotspot\src\share\vm\prims\jvm.cpp, line 1248]
Event: 0.679 Thread 0x00000000025be000 Exception <a 'java/security/PrivilegedActionException'> (0x00000000eae1f900) thrown at [D:\re\workspace\8-2-build-windows-amd64-cygwin\jdk8u5\2488\hotspot\src\share\vm\prims\jvm.cpp, line 1248]
Event: 0.679 Thread 0x00000000025be000 Exception <a 'java/security/PrivilegedActionException'> (0x00000000eae22878) thrown at [D:\re\workspace\8-2-build-windows-amd64-cygwin\jdk8u5\2488\hotspot\src\share\vm\prims\jvm.cpp, line 1248]
Event: 0.681 Thread 0x00000000025be000 Exception <a 'java/security/PrivilegedActionException'> (0x00000000eae368d0) thrown at [D:\re\workspace\8-2-build-windows-amd64-cygwin\jdk8u5\2488\hotspot\src\share\vm\prims\jvm.cpp, line 1248]
Event: 0.686 Thread 0x00000000025be000 Exception <a 'java/security/PrivilegedActionException'> (0x00000000eae50d18) thrown at [D:\re\workspace\8-2-build-windows-amd64-cygwin\jdk8u5\2488\hotspot\src\share\vm\prims\jvm.cpp, line 1248]
Event: 0.686 Thread 0x00000000025be000 Exception <a 'java/security/PrivilegedActionException'> (0x00000000eae56538) thrown at [D:\re\workspace\8-2-build-windows-amd64-cygwin\jdk8u5\2488\hotspot\src\share\vm\prims\jvm.cpp, line 1248]
Event: 0.688 Thread 0x00000000025be000 Exception <a 'java/security/PrivilegedActionException'> (0x00000000eae5c1a8) thrown at [D:\re\workspace\8-2-build-windows-amd64-cygwin\jdk8u5\2488\hotspot\src\share\vm\prims\jvm.cpp, line 1248]
Event: 0.697 Thread 0x00000000025be000 Exception <a 'java/security/PrivilegedActionException'> (0x00000000eae70188) thrown at [D:\re\workspace\8-2-build-windows-amd64-cygwin\jdk8u5\2488\hotspot\src\share\vm\prims\jvm.cpp, line 1248]

Events (10 events):
Event: 0.697 loading class java/security/MessageDigest
Event: 0.698 loading class java/security/MessageDigestSpi
Event: 0.698 loading class java/security/MessageDigestSpi done
Event: 0.698 loading class java/security/MessageDigest done
Event: 0.698 loading class java/security/Security
Event: 0.699 loading class java/security/Security done
Event: 0.699 loading class java/security/Security$1
Event: 0.699 loading class java/security/Security$1 done
Event: 0.700 loading class java/util/Properties$LineReader
Event: 0.700 loading class java/util/Properties$LineReader done


Dynamic libraries:
0x000000013fe50000 - 0x000000013fe84000 	C:\Program Files\Java\jdk1.8.0_05\bin\java.exe
0x0000000077500000 - 0x00000000776a9000 	C:\Windows\SYSTEM32\ntdll.dll
0x00000000773e0000 - 0x00000000774ff000 	C:\Windows\system32\kernel32.dll
0x000007fefd450000 - 0x000007fefd4bc000 	C:\Windows\system32\KERNELBASE.dll
0x000007fefd680000 - 0x000007fefd75b000 	C:\Windows\system32\ADVAPI32.dll
0x000007feff100000 - 0x000007feff19f000 	C:\Windows\system32\msvcrt.dll
0x000007feff1d0000 - 0x000007feff1ef000 	C:\Windows\SYSTEM32\sechost.dll
0x000007fefef30000 - 0x000007feff05d000 	C:\Windows\system32\RPCRT4.dll
0x00000000772e0000 - 0x00000000773da000 	C:\Windows\system32\USER32.dll
0x000007fefe8e0000 - 0x000007fefe947000 	C:\Windows\system32\GDI32.dll
0x000007fefed40000 - 0x000007fefed4e000 	C:\Windows\system32\LPK.dll
0x000007fefee60000 - 0x000007fefef29000 	C:\Windows\system32\USP10.dll
0x000007fefcba0000 - 0x000007fefcd94000 	C:\Windows\WinSxS\amd64_microsoft.windows.common-controls_6595b64144ccf1df_6.0.7601.17514_none_fa396087175ac9ac\COMCTL32.dll
0x000007fefe860000 - 0x000007fefe8d1000 	C:\Windows\system32\SHLWAPI.dll
0x000007feff1a0000 - 0x000007feff1ce000 	C:\Windows\system32\IMM32.DLL
0x000007fefed50000 - 0x000007fefee59000 	C:\Windows\system32\MSCTF.dll
0x000007fefd1f0000 - 0x000007fefd221000 	C:\Windows\system32\nvinitx.dll
0x000000000f000000 - 0x000000000f006000 	C:\Program Files\NVIDIA Corporation\CoProcManager\detoured.dll
0x000007fef89a0000 - 0x000007fef89d2000 	C:\Program Files\NVIDIA Corporation\CoProcManager\nvd3d9wrapx.dll
0x000007fefe9d0000 - 0x000007fefeba7000 	C:\Windows\system32\SETUPAPI.dll
0x000007fefd570000 - 0x000007fefd5a6000 	C:\Windows\system32\CFGMGR32.dll
0x000007feff2d0000 - 0x000007feff3a7000 	C:\Windows\system32\OLEAUT32.dll
0x000007feff3b0000 - 0x000007feff5b3000 	C:\Windows\system32\ole32.dll
0x000007fefd510000 - 0x000007fefd52a000 	C:\Windows\system32\DEVOBJ.dll
0x000007fef8970000 - 0x000007fef8992000 	C:\Program Files\NVIDIA Corporation\CoProcManager\nvdxgiwrapx.dll
0x000000005ec00000 - 0x000000005ecd2000 	C:\Program Files\Java\jdk1.8.0_05\jre\bin\msvcr100.dll
0x0000000065570000 - 0x0000000065d9a000 	C:\Program Files\Java\jdk1.8.0_05\jre\bin\server\jvm.dll
0x000007fef70a0000 - 0x000007fef70a9000 	C:\Windows\system32\WSOCK32.dll
0x000007feff280000 - 0x000007feff2cd000 	C:\Windows\system32\WS2_32.dll
0x000007feff270000 - 0x000007feff278000 	C:\Windows\system32\NSI.dll
0x000007fef9a20000 - 0x000007fef9a5b000 	C:\Windows\system32\WINMM.dll
0x00000000776c0000 - 0x00000000776c7000 	C:\Windows\system32\PSAPI.DLL
0x0000000074a40000 - 0x0000000074a4f000 	C:\Program Files\Java\jdk1.8.0_05\jre\bin\verify.dll
0x0000000070130000 - 0x0000000070158000 	C:\Program Files\Java\jdk1.8.0_05\jre\bin\java.dll
0x0000000070110000 - 0x0000000070126000 	C:\Program Files\Java\jdk1.8.0_05\jre\bin\zip.dll
0x000007fefdad0000 - 0x000007fefe859000 	C:\Windows\system32\SHELL32.dll
0x000007fefd2c0000 - 0x000007fefd2cf000 	C:\Windows\system32\profapi.dll

VM Arguments:
jvm_args: -Xmx1024M -Dfile.encoding=windows-1252 -Duser.country=US -Duser.language=en -Duser.variant 
java_command: com.android.dx.command.Main --dex --output C:\Users\Richard\AndroidStudioProjects\ShakeToVibrate\app\build\intermediates\dex\debug C:\Users\Richard\AndroidStudioProjects\ShakeToVibrate\app\build\intermediates\classes\debug C:\Users\Richard\AndroidStudioProjects\ShakeToVibrate\app\build\intermediates\pre-dexed\debug\support-annotations-21.0.3-8b98df59f5c4ab891cbb5a5b253307d714975006.jar C:\Users\Richard\AndroidStudioProjects\ShakeToVibrate\app\build\intermediates\pre-dexed\debug\internal_impl-21.0.3-eb98728d9da953d9f9188e35649c300813e86846.jar C:\Users\Richard\AndroidStudioProjects\ShakeToVibrate\app\build\intermediates\pre-dexed\debug\classes-e86f9cc61dbfba452f0f8afc97f248d6e8b30444.jar C:\Users\Richard\AndroidStudioProjects\ShakeToVibrate\app\build\intermediates\pre-dexed\debug\classes-5433a8cbfcf32c32014c3465c540aafa85d8a084.jar
java_class_path (initial): C:\Users\Richard\AppData\Local\Android\sdk\build-tools\21.1.2\lib\dx.jar
Launcher Type: SUN_STANDARD

Environment Variables:
JAVA_HOME=C:\Program Files\Java\jdk1.8.0_05\
PATH=C:\Program Files (x86)\NVIDIA Corporation\PhysX\Common;C:\ProgramData\Oracle\Java\javapath;C:\Windows\system32;C:\Windows;C:\Windows\System32\Wbem;C:\Windows\System32\WindowsPowerShell\v1.0\;C:\Program Files (x86)\Livestreamer;C:\Program Files (x86)\Vim\vim74\;C:\Program Files\Java\jdk1.8.0_05\bin\;C:\Program Files (x86)\QuickTime\QTSystem\
USERNAME=Richard
OS=Windows_NT
PROCESSOR_IDENTIFIER=Intel64 Family 6 Model 42 Stepping 7, GenuineIntel



---------------  S Y S T E M  ---------------

OS: Windows 7 , 64 bit Build 7601 Service Pack 1

CPU:total 8 (4 cores per cpu, 2 threads per core) family 6 model 42 stepping 7, cmov, cx8, fxsr, mmx, sse, sse2, sse3, ssse3, sse4.1, sse4.2, popcnt, avx, clmul, ht, tsc, tscinvbit

Memory: 4k page, physical 4103248k(237304k free), swap 6198544k(5120k free)

vm_info: Java HotSpot(TM) 64-Bit Server VM (25.5-b02) for windows-amd64 JRE (1.8.0_05-b13), built on Mar 18 2014 01:08:39 by "java_re" with MS VC++ 10.0 (VS2010)

time: Sun Mar 22 19:01:31 2015
elapsed time: 0 seconds

